<?xml version="1.0" encoding="UTF-8"?>
<!-- Generated by org.testng.reporters.JUnitXMLReporter -->
<testsuite ignored="0" hostname="DESKTOP-MIAPP68" failures="1" tests="1" name="CHILTERNOAK" time="29.22" errors="0" timestamp="2023-12-11T11:01:45 IST">
  <testcase classname="io.cucumber.testng.AbstractTestNGCucumberTests" name="runScenario" time="22.121">
    <failure type="java.lang.AssertionError" message="expected [https://www.chilternoakfurniture.co.uk/account/login?return_url=%2Faccount] but found [https://www.chilternoakfurniture.co.uk/challenge]">
      <![CDATA[java.lang.AssertionError: expected [https://www.chilternoakfurniture.co.uk/account/login?return_url=%2Faccount] but found [https://www.chilternoakfurniture.co.uk/challenge]
at stepDefinitions.SignInStepDef.i_click_on_sign_in_button(SignInStepDef.java:71)
at âœ½.I click on Sign In button(file:///C:/Users/hp/eclipse-workspace/RLLproject/src/test/java/features/SignIn.feature:7)
... Removed 6 stack frames]]>
    </failure>
  </testcase> <!-- runScenario -->
</testsuite> <!-- CHILTERNOAK -->
